[0.050s] Invoking command in '/home/josephineoe/project-cody/build/gazebo_controls': CMAKE_PREFIX_PATH=/opt/ros/humble /usr/bin/cmake --build /home/josephineoe/project-cody/build/gazebo_controls -- -j2 -l2
[0.124s] Invoked command in '/home/josephineoe/project-cody/build/gazebo_controls' returned '0': CMAKE_PREFIX_PATH=/opt/ros/humble /usr/bin/cmake --build /home/josephineoe/project-cody/build/gazebo_controls -- -j2 -l2
[0.163s] Invoking command in '/home/josephineoe/project-cody/build/gazebo_controls': CMAKE_PREFIX_PATH=/opt/ros/humble /usr/bin/cmake --install /home/josephineoe/project-cody/build/gazebo_controls
[0.178s] -- Install configuration: ""
[0.179s] -- Up-to-date: /home/josephineoe/project-cody/install/gazebo_controls/share/ament_index/resource_index/package_run_dependencies/gazebo_controls
[0.179s] -- Up-to-date: /home/josephineoe/project-cody/install/gazebo_controls/share/ament_index/resource_index/parent_prefix_path/gazebo_controls
[0.180s] -- Up-to-date: /home/josephineoe/project-cody/install/gazebo_controls/share/gazebo_controls/environment/ament_prefix_path.sh
[0.180s] -- Up-to-date: /home/josephineoe/project-cody/install/gazebo_controls/share/gazebo_controls/environment/ament_prefix_path.dsv
[0.180s] -- Up-to-date: /home/josephineoe/project-cody/install/gazebo_controls/share/gazebo_controls/environment/path.sh
[0.181s] -- Up-to-date: /home/josephineoe/project-cody/install/gazebo_controls/share/gazebo_controls/environment/path.dsv
[0.181s] -- Up-to-date: /home/josephineoe/project-cody/install/gazebo_controls/share/gazebo_controls/local_setup.bash
[0.181s] -- Up-to-date: /home/josephineoe/project-cody/install/gazebo_controls/share/gazebo_controls/local_setup.sh
[0.181s] -- Up-to-date: /home/josephineoe/project-cody/install/gazebo_controls/share/gazebo_controls/local_setup.zsh
[0.181s] -- Up-to-date: /home/josephineoe/project-cody/install/gazebo_controls/share/gazebo_controls/local_setup.dsv
[0.181s] -- Installing: /home/josephineoe/project-cody/install/gazebo_controls/share/gazebo_controls/package.dsv
[0.183s] -- Up-to-date: /home/josephineoe/project-cody/install/gazebo_controls/share/ament_index/resource_index/packages/gazebo_controls
[0.183s] -- Up-to-date: /home/josephineoe/project-cody/install/gazebo_controls/share/gazebo_controls/cmake/gazebo_controlsConfig.cmake
[0.183s] -- Up-to-date: /home/josephineoe/project-cody/install/gazebo_controls/share/gazebo_controls/cmake/gazebo_controlsConfig-version.cmake
[0.184s] -- Up-to-date: /home/josephineoe/project-cody/install/gazebo_controls/share/gazebo_controls/package.xml
[0.242s] Invoked command in '/home/josephineoe/project-cody/build/gazebo_controls' returned '0': CMAKE_PREFIX_PATH=/opt/ros/humble /usr/bin/cmake --install /home/josephineoe/project-cody/build/gazebo_controls
