-- The C compiler identification is GNU 11.4.0
-- The CXX compiler identification is GNU 11.4.0
-- Detecting C compiler ABI info
-- Detecting C compiler ABI info - done
-- Check for working C compiler: /usr/bin/cc - skipped
-- Detecting C compile features
-- Detecting C compile features - done
-- Detecting CXX compiler ABI info
-- Detecting CXX compiler ABI info - done
-- Check for working CXX compiler: /usr/bin/c++ - skipped
-- Detecting CXX compile features
-- Detecting CXX compile features - done
-- Found ament_cmake: 1.3.8 (/opt/ros/humble/share/ament_cmake/cmake)
-- Found Python3: /usr/bin/python3 (found version "3.10.12") found components: Interpreter 
-- Found ament_lint_auto: 0.12.10 (/opt/ros/humble/share/ament_lint_auto/cmake)
-- Added test 'lint_cmake' to check CMake code style
-- Added test 'xmllint' to check XML markup files
-- Configuring done
-- Generating done
-- Build files have been written to: /home/josephineoe/project-cody/build/gazebo_controls
-- Install configuration: ""
-- Installing: /home/josephineoe/project-cody/install/gazebo_controls/share/ament_index/resource_index/package_run_dependencies/gazebo_controls
-- Installing: /home/josephineoe/project-cody/install/gazebo_controls/share/ament_index/resource_index/parent_prefix_path/gazebo_controls
-- Installing: /home/josephineoe/project-cody/install/gazebo_controls/share/gazebo_controls/environment/ament_prefix_path.sh
-- Installing: /home/josephineoe/project-cody/install/gazebo_controls/share/gazebo_controls/environment/ament_prefix_path.dsv
-- Installing: /home/josephineoe/project-cody/install/gazebo_controls/share/gazebo_controls/environment/path.sh
-- Installing: /home/josephineoe/project-cody/install/gazebo_controls/share/gazebo_controls/environment/path.dsv
-- Installing: /home/josephineoe/project-cody/install/gazebo_controls/share/gazebo_controls/local_setup.bash
-- Installing: /home/josephineoe/project-cody/install/gazebo_controls/share/gazebo_controls/local_setup.sh
-- Installing: /home/josephineoe/project-cody/install/gazebo_controls/share/gazebo_controls/local_setup.zsh
-- Installing: /home/josephineoe/project-cody/install/gazebo_controls/share/gazebo_controls/local_setup.dsv
-- Installing: /home/josephineoe/project-cody/install/gazebo_controls/share/gazebo_controls/package.dsv
-- Installing: /home/josephineoe/project-cody/install/gazebo_controls/share/ament_index/resource_index/packages/gazebo_controls
-- Installing: /home/josephineoe/project-cody/install/gazebo_controls/share/gazebo_controls/cmake/gazebo_controlsConfig.cmake
-- Installing: /home/josephineoe/project-cody/install/gazebo_controls/share/gazebo_controls/cmake/gazebo_controlsConfig-version.cmake
-- Installing: /home/josephineoe/project-cody/install/gazebo_controls/share/gazebo_controls/package.xml
