[0.051s] Invoking command in '/home/josephineoe/project-cody/build/gazebo_controls': CMAKE_PREFIX_PATH=/opt/ros/humble /usr/bin/cmake /home/josephineoe/project-cody/src/gazebo_controls -DCMAKE_INSTALL_PREFIX=/home/josephineoe/project-cody/install/gazebo_controls
[0.135s] -- The C compiler identification is GNU 11.4.0
[0.215s] -- The CXX compiler identification is GNU 11.4.0
[0.225s] -- Detecting C compiler ABI info
[0.330s] -- Detecting C compiler ABI info - done
[0.335s] -- Check for working C compiler: /usr/bin/cc - skipped
[0.336s] -- Detecting C compile features
[0.336s] -- Detecting C compile features - done
[0.338s] -- Detecting CXX compiler ABI info
[0.470s] -- Detecting CXX compiler ABI info - done
[0.484s] -- Check for working CXX compiler: /usr/bin/c++ - skipped
[0.484s] -- Detecting CXX compile features
[0.485s] -- Detecting CXX compile features - done
[0.489s] -- Found ament_cmake: 1.3.8 (/opt/ros/humble/share/ament_cmake/cmake)
[0.714s] -- Found Python3: /usr/bin/python3 (found version "3.10.12") found components: Interpreter 
[0.838s] -- Found ament_lint_auto: 0.12.10 (/opt/ros/humble/share/ament_lint_auto/cmake)
[0.951s] -- Added test 'lint_cmake' to check CMake code style
[0.952s] -- Added test 'xmllint' to check XML markup files
[0.954s] -- Configuring done
[0.957s] -- Generating done
[0.962s] -- Build files have been written to: /home/josephineoe/project-cody/build/gazebo_controls
[0.970s] Invoked command in '/home/josephineoe/project-cody/build/gazebo_controls' returned '0': CMAKE_PREFIX_PATH=/opt/ros/humble /usr/bin/cmake /home/josephineoe/project-cody/src/gazebo_controls -DCMAKE_INSTALL_PREFIX=/home/josephineoe/project-cody/install/gazebo_controls
[0.970s] Invoking command in '/home/josephineoe/project-cody/build/gazebo_controls': CMAKE_PREFIX_PATH=/opt/ros/humble /usr/bin/cmake --build /home/josephineoe/project-cody/build/gazebo_controls -- -j2 -l2
[1.020s] Invoked command in '/home/josephineoe/project-cody/build/gazebo_controls' returned '0': CMAKE_PREFIX_PATH=/opt/ros/humble /usr/bin/cmake --build /home/josephineoe/project-cody/build/gazebo_controls -- -j2 -l2
[1.079s] Invoking command in '/home/josephineoe/project-cody/build/gazebo_controls': CMAKE_PREFIX_PATH=/opt/ros/humble /usr/bin/cmake --install /home/josephineoe/project-cody/build/gazebo_controls
[1.090s] -- Install configuration: ""
[1.090s] -- Installing: /home/josephineoe/project-cody/install/gazebo_controls/share/ament_index/resource_index/package_run_dependencies/gazebo_controls
[1.091s] -- Installing: /home/josephineoe/project-cody/install/gazebo_controls/share/ament_index/resource_index/parent_prefix_path/gazebo_controls
[1.091s] -- Installing: /home/josephineoe/project-cody/install/gazebo_controls/share/gazebo_controls/environment/ament_prefix_path.sh
[1.091s] -- Installing: /home/josephineoe/project-cody/install/gazebo_controls/share/gazebo_controls/environment/ament_prefix_path.dsv
[1.091s] -- Installing: /home/josephineoe/project-cody/install/gazebo_controls/share/gazebo_controls/environment/path.sh
[1.092s] -- Installing: /home/josephineoe/project-cody/install/gazebo_controls/share/gazebo_controls/environment/path.dsv
[1.095s] -- Installing: /home/josephineoe/project-cody/install/gazebo_controls/share/gazebo_controls/local_setup.bash
[1.095s] -- Installing: /home/josephineoe/project-cody/install/gazebo_controls/share/gazebo_controls/local_setup.sh
[1.095s] -- Installing: /home/josephineoe/project-cody/install/gazebo_controls/share/gazebo_controls/local_setup.zsh
[1.095s] -- Installing: /home/josephineoe/project-cody/install/gazebo_controls/share/gazebo_controls/local_setup.dsv
[1.095s] -- Installing: /home/josephineoe/project-cody/install/gazebo_controls/share/gazebo_controls/package.dsv
[1.097s] -- Installing: /home/josephineoe/project-cody/install/gazebo_controls/share/ament_index/resource_index/packages/gazebo_controls
[1.098s] -- Installing: /home/josephineoe/project-cody/install/gazebo_controls/share/gazebo_controls/cmake/gazebo_controlsConfig.cmake
[1.098s] -- Installing: /home/josephineoe/project-cody/install/gazebo_controls/share/gazebo_controls/cmake/gazebo_controlsConfig-version.cmake
[1.098s] -- Installing: /home/josephineoe/project-cody/install/gazebo_controls/share/gazebo_controls/package.xml
[1.153s] Invoked command in '/home/josephineoe/project-cody/build/gazebo_controls' returned '0': CMAKE_PREFIX_PATH=/opt/ros/humble /usr/bin/cmake --install /home/josephineoe/project-cody/build/gazebo_controls
