[0.082s] Invoking command in '/home/josephineoe/project-cody/build/environment': CMAKE_PREFIX_PATH=/opt/ros/humble /usr/bin/cmake --build /home/josephineoe/project-cody/build/environment -- -j2 -l2
[0.143s] Invoked command in '/home/josephineoe/project-cody/build/environment' returned '0': CMAKE_PREFIX_PATH=/opt/ros/humble /usr/bin/cmake --build /home/josephineoe/project-cody/build/environment -- -j2 -l2
[0.191s] Invoking command in '/home/josephineoe/project-cody/build/environment': CMAKE_PREFIX_PATH=/opt/ros/humble /usr/bin/cmake --install /home/josephineoe/project-cody/build/environment
[0.202s] -- Install configuration: ""
[0.203s] -- Up-to-date: /home/josephineoe/project-cody/install/environment/share/ament_index/resource_index/package_run_dependencies/environment
[0.203s] -- Up-to-date: /home/josephineoe/project-cody/install/environment/share/ament_index/resource_index/parent_prefix_path/environment
[0.204s] -- Up-to-date: /home/josephineoe/project-cody/install/environment/share/environment/environment/ament_prefix_path.sh
[0.204s] -- Up-to-date: /home/josephineoe/project-cody/install/environment/share/environment/environment/ament_prefix_path.dsv
[0.204s] -- Up-to-date: /home/josephineoe/project-cody/install/environment/share/environment/environment/path.sh
[0.204s] -- Up-to-date: /home/josephineoe/project-cody/install/environment/share/environment/environment/path.dsv
[0.204s] -- Up-to-date: /home/josephineoe/project-cody/install/environment/share/environment/local_setup.bash
[0.204s] -- Up-to-date: /home/josephineoe/project-cody/install/environment/share/environment/local_setup.sh
[0.204s] -- Up-to-date: /home/josephineoe/project-cody/install/environment/share/environment/local_setup.zsh
[0.204s] -- Up-to-date: /home/josephineoe/project-cody/install/environment/share/environment/local_setup.dsv
[0.204s] -- Up-to-date: /home/josephineoe/project-cody/install/environment/share/environment/package.dsv
[0.204s] -- Up-to-date: /home/josephineoe/project-cody/install/environment/share/ament_index/resource_index/packages/environment
[0.207s] -- Up-to-date: /home/josephineoe/project-cody/install/environment/share/environment/cmake/environmentConfig.cmake
[0.207s] -- Up-to-date: /home/josephineoe/project-cody/install/environment/share/environment/cmake/environmentConfig-version.cmake
[0.207s] -- Up-to-date: /home/josephineoe/project-cody/install/environment/share/environment/package.xml
[0.252s] Invoked command in '/home/josephineoe/project-cody/build/environment' returned '0': CMAKE_PREFIX_PATH=/opt/ros/humble /usr/bin/cmake --install /home/josephineoe/project-cody/build/environment
