[1.084s] DEBUG:colcon:Command line arguments: ['/usr/bin/colcon', 'build']
[1.084s] DEBUG:colcon:Parsed command line arguments: Namespace(log_base=None, log_level=None, verb_name='build', build_base='build', install_base='install', merge_install=False, symlink_install=False, test_result_base=None, continue_on_error=False, executor='parallel', parallel_workers=2, event_handlers=None, ignore_user_meta=False, metas=['./colcon.meta'], base_paths=['.'], packages_ignore=None, packages_ignore_regex=None, paths=None, packages_up_to=None, packages_up_to_regex=None, packages_above=None, packages_above_and_dependencies=None, packages_above_depth=None, packages_select_by_dep=None, packages_skip_by_dep=None, packages_skip_up_to=None, packages_select_build_failed=False, packages_skip_build_finished=False, packages_select_test_failures=False, packages_skip_test_passed=False, packages_select=None, packages_skip=None, packages_select_regex=None, packages_skip_regex=None, packages_start=None, packages_end=None, allow_overriding=[], cmake_args=None, cmake_target=None, cmake_target_skip_unavailable=False, cmake_clean_cache=False, cmake_clean_first=False, cmake_force_configure=False, ament_cmake_args=None, catkin_cmake_args=None, catkin_skip_building_tests=False, verb_parser=<colcon_defaults.argument_parser.defaults.DefaultArgumentsDecorator object at 0x7f2e2bfb6cb0>, verb_extension=<colcon_core.verb.build.BuildVerb object at 0x7f2e2bfb43d0>, main=<bound method BuildVerb.main of <colcon_core.verb.build.BuildVerb object at 0x7f2e2bfb43d0>>)
[1.175s] Level 1:colcon.colcon_core.package_discovery:discover_packages(colcon_meta) check parameters
[1.175s] Level 1:colcon.colcon_core.package_discovery:discover_packages(recursive) check parameters
[1.175s] Level 1:colcon.colcon_core.package_discovery:discover_packages(ignore) check parameters
[1.175s] Level 1:colcon.colcon_core.package_discovery:discover_packages(path) check parameters
[1.175s] Level 1:colcon.colcon_core.package_discovery:discover_packages(colcon_meta) discover
[1.175s] Level 1:colcon.colcon_core.package_discovery:discover_packages(recursive) discover
[1.176s] INFO:colcon.colcon_core.package_discovery:Crawling recursively for packages in '/home/josephineoe/project-cody'
[1.176s] Level 1:colcon.colcon_core.package_identification:_identify(.) by extensions ['ignore', 'ignore_ament_install']
[1.176s] Level 1:colcon.colcon_core.package_identification:_identify(.) by extension 'ignore'
[1.176s] Level 1:colcon.colcon_core.package_identification:_identify(.) by extension 'ignore_ament_install'
[1.176s] Level 1:colcon.colcon_core.package_identification:_identify(.) by extensions ['colcon_pkg']
[1.176s] Level 1:colcon.colcon_core.package_identification:_identify(.) by extension 'colcon_pkg'
[1.176s] Level 1:colcon.colcon_core.package_identification:_identify(.) by extensions ['colcon_meta']
[1.176s] Level 1:colcon.colcon_core.package_identification:_identify(.) by extension 'colcon_meta'
[1.176s] Level 1:colcon.colcon_core.package_identification:_identify(.) by extensions ['ros']
[1.176s] Level 1:colcon.colcon_core.package_identification:_identify(.) by extension 'ros'
[1.185s] Level 1:colcon.colcon_core.package_identification:_identify(.) by extensions ['cmake', 'python']
[1.186s] Level 1:colcon.colcon_core.package_identification:_identify(.) by extension 'cmake'
[1.186s] Level 1:colcon.colcon_core.package_identification:_identify(.) by extension 'python'
[1.186s] Level 1:colcon.colcon_core.package_identification:_identify(.) by extensions ['python_setup_py']
[1.186s] Level 1:colcon.colcon_core.package_identification:_identify(.) by extension 'python_setup_py'
[1.186s] Level 1:colcon.colcon_core.package_identification:_identify(build) by extensions ['ignore', 'ignore_ament_install']
[1.186s] Level 1:colcon.colcon_core.package_identification:_identify(build) by extension 'ignore'
[1.186s] Level 1:colcon.colcon_core.package_identification:_identify(build) ignored
[1.186s] Level 1:colcon.colcon_core.package_identification:_identify(install) by extensions ['ignore', 'ignore_ament_install']
[1.186s] Level 1:colcon.colcon_core.package_identification:_identify(install) by extension 'ignore'
[1.186s] Level 1:colcon.colcon_core.package_identification:_identify(install) ignored
[1.186s] Level 1:colcon.colcon_core.package_identification:_identify(log) by extensions ['ignore', 'ignore_ament_install']
[1.186s] Level 1:colcon.colcon_core.package_identification:_identify(log) by extension 'ignore'
[1.186s] Level 1:colcon.colcon_core.package_identification:_identify(log) ignored
[1.186s] Level 1:colcon.colcon_core.package_identification:_identify(src) by extensions ['ignore', 'ignore_ament_install']
[1.186s] Level 1:colcon.colcon_core.package_identification:_identify(src) by extension 'ignore'
[1.186s] Level 1:colcon.colcon_core.package_identification:_identify(src) by extension 'ignore_ament_install'
[1.186s] Level 1:colcon.colcon_core.package_identification:_identify(src) by extensions ['colcon_pkg']
[1.186s] Level 1:colcon.colcon_core.package_identification:_identify(src) by extension 'colcon_pkg'
[1.186s] Level 1:colcon.colcon_core.package_identification:_identify(src) by extensions ['colcon_meta']
[1.186s] Level 1:colcon.colcon_core.package_identification:_identify(src) by extension 'colcon_meta'
[1.186s] Level 1:colcon.colcon_core.package_identification:_identify(src) by extensions ['ros']
[1.186s] Level 1:colcon.colcon_core.package_identification:_identify(src) by extension 'ros'
[1.186s] Level 1:colcon.colcon_core.package_identification:_identify(src) by extensions ['cmake', 'python']
[1.186s] Level 1:colcon.colcon_core.package_identification:_identify(src) by extension 'cmake'
[1.186s] Level 1:colcon.colcon_core.package_identification:_identify(src) by extension 'python'
[1.186s] Level 1:colcon.colcon_core.package_identification:_identify(src) by extensions ['python_setup_py']
[1.187s] Level 1:colcon.colcon_core.package_identification:_identify(src) by extension 'python_setup_py'
[1.187s] Level 1:colcon.colcon_core.package_identification:_identify(src/environment) by extensions ['ignore', 'ignore_ament_install']
[1.187s] Level 1:colcon.colcon_core.package_identification:_identify(src/environment) by extension 'ignore'
[1.187s] Level 1:colcon.colcon_core.package_identification:_identify(src/environment) by extension 'ignore_ament_install'
[1.187s] Level 1:colcon.colcon_core.package_identification:_identify(src/environment) by extensions ['colcon_pkg']
[1.187s] Level 1:colcon.colcon_core.package_identification:_identify(src/environment) by extension 'colcon_pkg'
[1.187s] Level 1:colcon.colcon_core.package_identification:_identify(src/environment) by extensions ['colcon_meta']
[1.187s] Level 1:colcon.colcon_core.package_identification:_identify(src/environment) by extension 'colcon_meta'
[1.187s] Level 1:colcon.colcon_core.package_identification:_identify(src/environment) by extensions ['ros']
[1.187s] Level 1:colcon.colcon_core.package_identification:_identify(src/environment) by extension 'ros'
[1.191s] DEBUG:colcon.colcon_core.package_identification:Package 'src/environment' with type 'ros.ament_cmake' and name 'environment'
[1.191s] Level 1:colcon.colcon_core.package_identification:_identify(src/gazebo_controls) by extensions ['ignore', 'ignore_ament_install']
[1.191s] Level 1:colcon.colcon_core.package_identification:_identify(src/gazebo_controls) by extension 'ignore'
[1.191s] Level 1:colcon.colcon_core.package_identification:_identify(src/gazebo_controls) by extension 'ignore_ament_install'
[1.191s] Level 1:colcon.colcon_core.package_identification:_identify(src/gazebo_controls) by extensions ['colcon_pkg']
[1.191s] Level 1:colcon.colcon_core.package_identification:_identify(src/gazebo_controls) by extension 'colcon_pkg'
[1.191s] Level 1:colcon.colcon_core.package_identification:_identify(src/gazebo_controls) by extensions ['colcon_meta']
[1.191s] Level 1:colcon.colcon_core.package_identification:_identify(src/gazebo_controls) by extension 'colcon_meta'
[1.192s] Level 1:colcon.colcon_core.package_identification:_identify(src/gazebo_controls) by extensions ['ros']
[1.192s] Level 1:colcon.colcon_core.package_identification:_identify(src/gazebo_controls) by extension 'ros'
[1.193s] DEBUG:colcon.colcon_core.package_identification:Package 'src/gazebo_controls' with type 'ros.ament_cmake' and name 'gazebo_controls'
[1.193s] Level 1:colcon.colcon_core.package_discovery:discover_packages(recursive) using defaults
[1.193s] Level 1:colcon.colcon_core.package_discovery:discover_packages(ignore) discover
[1.193s] Level 1:colcon.colcon_core.package_discovery:discover_packages(ignore) using defaults
[1.193s] Level 1:colcon.colcon_core.package_discovery:discover_packages(path) discover
[1.193s] Level 1:colcon.colcon_core.package_discovery:discover_packages(path) using defaults
[1.272s] Level 1:colcon.colcon_core.package_discovery:discover_packages(prefix_path) check parameters
[1.273s] Level 1:colcon.colcon_core.package_discovery:discover_packages(prefix_path) discover
[1.296s] DEBUG:colcon.colcon_installed_package_information.package_discovery:Found 288 installed packages in /opt/ros/humble
[1.297s] Level 1:colcon.colcon_core.package_discovery:discover_packages(prefix_path) using defaults
[1.384s] Level 5:colcon.colcon_core.verb:set package 'environment' build argument 'cmake_args' from command line to 'None'
[1.384s] Level 5:colcon.colcon_core.verb:set package 'environment' build argument 'cmake_target' from command line to 'None'
[1.384s] Level 5:colcon.colcon_core.verb:set package 'environment' build argument 'cmake_target_skip_unavailable' from command line to 'False'
[1.384s] Level 5:colcon.colcon_core.verb:set package 'environment' build argument 'cmake_clean_cache' from command line to 'False'
[1.384s] Level 5:colcon.colcon_core.verb:set package 'environment' build argument 'cmake_clean_first' from command line to 'False'
[1.384s] Level 5:colcon.colcon_core.verb:set package 'environment' build argument 'cmake_force_configure' from command line to 'False'
[1.384s] Level 5:colcon.colcon_core.verb:set package 'environment' build argument 'ament_cmake_args' from command line to 'None'
[1.384s] Level 5:colcon.colcon_core.verb:set package 'environment' build argument 'catkin_cmake_args' from command line to 'None'
[1.384s] Level 5:colcon.colcon_core.verb:set package 'environment' build argument 'catkin_skip_building_tests' from command line to 'False'
[1.384s] DEBUG:colcon.colcon_core.verb:Building package 'environment' with the following arguments: {'ament_cmake_args': None, 'build_base': '/home/josephineoe/project-cody/build/environment', 'catkin_cmake_args': None, 'catkin_skip_building_tests': False, 'cmake_args': None, 'cmake_clean_cache': False, 'cmake_clean_first': False, 'cmake_force_configure': False, 'cmake_target': None, 'cmake_target_skip_unavailable': False, 'install_base': '/home/josephineoe/project-cody/install/environment', 'merge_install': False, 'path': '/home/josephineoe/project-cody/src/environment', 'symlink_install': False, 'test_result_base': None}
[1.398s] Level 5:colcon.colcon_core.verb:set package 'gazebo_controls' build argument 'cmake_args' from command line to 'None'
[1.398s] Level 5:colcon.colcon_core.verb:set package 'gazebo_controls' build argument 'cmake_target' from command line to 'None'
[1.398s] Level 5:colcon.colcon_core.verb:set package 'gazebo_controls' build argument 'cmake_target_skip_unavailable' from command line to 'False'
[1.398s] Level 5:colcon.colcon_core.verb:set package 'gazebo_controls' build argument 'cmake_clean_cache' from command line to 'False'
[1.398s] Level 5:colcon.colcon_core.verb:set package 'gazebo_controls' build argument 'cmake_clean_first' from command line to 'False'
[1.398s] Level 5:colcon.colcon_core.verb:set package 'gazebo_controls' build argument 'cmake_force_configure' from command line to 'False'
[1.398s] Level 5:colcon.colcon_core.verb:set package 'gazebo_controls' build argument 'ament_cmake_args' from command line to 'None'
[1.398s] Level 5:colcon.colcon_core.verb:set package 'gazebo_controls' build argument 'catkin_cmake_args' from command line to 'None'
[1.398s] Level 5:colcon.colcon_core.verb:set package 'gazebo_controls' build argument 'catkin_skip_building_tests' from command line to 'False'
[1.398s] DEBUG:colcon.colcon_core.verb:Building package 'gazebo_controls' with the following arguments: {'ament_cmake_args': None, 'build_base': '/home/josephineoe/project-cody/build/gazebo_controls', 'catkin_cmake_args': None, 'catkin_skip_building_tests': False, 'cmake_args': None, 'cmake_clean_cache': False, 'cmake_clean_first': False, 'cmake_force_configure': False, 'cmake_target': None, 'cmake_target_skip_unavailable': False, 'install_base': '/home/josephineoe/project-cody/install/gazebo_controls', 'merge_install': False, 'path': '/home/josephineoe/project-cody/src/gazebo_controls', 'symlink_install': False, 'test_result_base': None}
[1.412s] INFO:colcon.colcon_core.executor:Executing jobs using 'parallel' executor
[1.427s] DEBUG:colcon.colcon_parallel_executor.executor.parallel:run_until_complete
[1.427s] INFO:colcon.colcon_ros.task.ament_cmake.build:Building ROS package in '/home/josephineoe/project-cody/src/environment' with build type 'ament_cmake'
[1.427s] INFO:colcon.colcon_cmake.task.cmake.build:Building CMake package in '/home/josephineoe/project-cody/src/environment'
[1.466s] INFO:colcon.colcon_core.plugin_system:Skipping extension 'colcon_core.shell.bat': Not used on non-Windows systems
[1.466s] INFO:colcon.colcon_core.shell:Skip shell extension 'powershell' for command environment: Not usable outside of PowerShell
[1.466s] DEBUG:colcon.colcon_core.shell:Skip shell extension 'dsv' for command environment
[1.495s] INFO:colcon.colcon_ros.task.ament_cmake.build:Building ROS package in '/home/josephineoe/project-cody/src/gazebo_controls' with build type 'ament_cmake'
[1.495s] INFO:colcon.colcon_cmake.task.cmake.build:Building CMake package in '/home/josephineoe/project-cody/src/gazebo_controls'
[1.507s] INFO:colcon.colcon_core.shell:Skip shell extension 'powershell' for command environment: Not usable outside of PowerShell
[1.507s] DEBUG:colcon.colcon_core.shell:Skip shell extension 'dsv' for command environment
[1.541s] DEBUG:colcon.colcon_core.event_handler.log_command:Invoking command in '/home/josephineoe/project-cody/build/environment': CMAKE_PREFIX_PATH=/opt/ros/humble /usr/bin/cmake --build /home/josephineoe/project-cody/build/environment -- -j2 -l2
[1.545s] DEBUG:colcon.colcon_core.event_handler.log_command:Invoking command in '/home/josephineoe/project-cody/build/gazebo_controls': CMAKE_PREFIX_PATH=/opt/ros/humble /usr/bin/cmake --build /home/josephineoe/project-cody/build/gazebo_controls -- -j2 -l2
[1.612s] DEBUG:colcon.colcon_core.event_handler.log_command:Invoked command in '/home/josephineoe/project-cody/build/environment' returned '0': CMAKE_PREFIX_PATH=/opt/ros/humble /usr/bin/cmake --build /home/josephineoe/project-cody/build/environment -- -j2 -l2
[1.619s] DEBUG:colcon.colcon_core.event_handler.log_command:Invoked command in '/home/josephineoe/project-cody/build/gazebo_controls' returned '0': CMAKE_PREFIX_PATH=/opt/ros/humble /usr/bin/cmake --build /home/josephineoe/project-cody/build/gazebo_controls -- -j2 -l2
[1.657s] DEBUG:colcon.colcon_core.event_handler.log_command:Invoking command in '/home/josephineoe/project-cody/build/environment': CMAKE_PREFIX_PATH=/opt/ros/humble /usr/bin/cmake --install /home/josephineoe/project-cody/build/environment
[1.659s] DEBUG:colcon.colcon_core.event_handler.log_command:Invoking command in '/home/josephineoe/project-cody/build/gazebo_controls': CMAKE_PREFIX_PATH=/opt/ros/humble /usr/bin/cmake --install /home/josephineoe/project-cody/build/gazebo_controls
[1.670s] Level 1:colcon.colcon_core.environment:create_environment_scripts_only(environment)
[1.672s] DEBUG:colcon.colcon_core.event_handler.log_command:Invoked command in '/home/josephineoe/project-cody/build/environment' returned '0': CMAKE_PREFIX_PATH=/opt/ros/humble /usr/bin/cmake --install /home/josephineoe/project-cody/build/environment
[1.697s] Level 1:colcon.colcon_core.environment:checking '/home/josephineoe/project-cody/install/environment' for CMake module files
[1.697s] Level 1:colcon.colcon_core.environment:checking '/home/josephineoe/project-cody/install/environment' for CMake config files
[1.697s] Level 1:colcon.colcon_core.shell:create_environment_hook('environment', 'cmake_prefix_path')
[1.711s] INFO:colcon.colcon_core.shell:Creating environment hook '/home/josephineoe/project-cody/install/environment/share/environment/hook/cmake_prefix_path.ps1'
[1.713s] INFO:colcon.colcon_core.shell:Creating environment descriptor '/home/josephineoe/project-cody/install/environment/share/environment/hook/cmake_prefix_path.dsv'
[1.714s] INFO:colcon.colcon_core.shell:Creating environment hook '/home/josephineoe/project-cody/install/environment/share/environment/hook/cmake_prefix_path.sh'
[1.715s] Level 1:colcon.colcon_core.environment:checking '/home/josephineoe/project-cody/install/environment/bin'
[1.715s] Level 1:colcon.colcon_core.environment:checking '/home/josephineoe/project-cody/install/environment/lib/pkgconfig/environment.pc'
[1.715s] Level 1:colcon.colcon_core.environment:checking '/home/josephineoe/project-cody/install/environment/lib/python3.10/site-packages'
[1.716s] Level 1:colcon.colcon_core.environment:checking '/home/josephineoe/project-cody/install/environment/bin'
[1.729s] INFO:colcon.colcon_core.shell:Creating package script '/home/josephineoe/project-cody/install/environment/share/environment/package.ps1'
[1.731s] INFO:colcon.colcon_core.shell:Creating package descriptor '/home/josephineoe/project-cody/install/environment/share/environment/package.dsv'
[1.732s] INFO:colcon.colcon_core.shell:Creating package script '/home/josephineoe/project-cody/install/environment/share/environment/package.sh'
[1.733s] INFO:colcon.colcon_core.shell:Creating package script '/home/josephineoe/project-cody/install/environment/share/environment/package.bash'
[1.734s] INFO:colcon.colcon_core.shell:Creating package script '/home/josephineoe/project-cody/install/environment/share/environment/package.zsh'
[1.735s] Level 1:colcon.colcon_core.environment:create_file_with_runtime_dependencies(/home/josephineoe/project-cody/install/environment/share/colcon-core/packages/environment)
[1.737s] Level 1:colcon.colcon_core.environment:create_environment_scripts_only(gazebo_controls)
[1.737s] DEBUG:colcon.colcon_core.event_handler.log_command:Invoked command in '/home/josephineoe/project-cody/build/gazebo_controls' returned '0': CMAKE_PREFIX_PATH=/opt/ros/humble /usr/bin/cmake --install /home/josephineoe/project-cody/build/gazebo_controls
[1.751s] Level 1:colcon.colcon_core.environment:checking '/home/josephineoe/project-cody/install/gazebo_controls' for CMake module files
[1.752s] Level 1:colcon.colcon_core.environment:checking '/home/josephineoe/project-cody/install/gazebo_controls' for CMake config files
[1.752s] Level 1:colcon.colcon_core.shell:create_environment_hook('gazebo_controls', 'cmake_prefix_path')
[1.767s] INFO:colcon.colcon_core.shell:Creating environment hook '/home/josephineoe/project-cody/install/gazebo_controls/share/gazebo_controls/hook/cmake_prefix_path.ps1'
[1.768s] INFO:colcon.colcon_core.shell:Creating environment descriptor '/home/josephineoe/project-cody/install/gazebo_controls/share/gazebo_controls/hook/cmake_prefix_path.dsv'
[1.768s] INFO:colcon.colcon_core.shell:Creating environment hook '/home/josephineoe/project-cody/install/gazebo_controls/share/gazebo_controls/hook/cmake_prefix_path.sh'
[1.768s] Level 1:colcon.colcon_core.environment:checking '/home/josephineoe/project-cody/install/gazebo_controls/bin'
[1.769s] Level 1:colcon.colcon_core.environment:checking '/home/josephineoe/project-cody/install/gazebo_controls/lib/pkgconfig/gazebo_controls.pc'
[1.769s] Level 1:colcon.colcon_core.environment:checking '/home/josephineoe/project-cody/install/gazebo_controls/lib/python3.10/site-packages'
[1.769s] Level 1:colcon.colcon_core.environment:checking '/home/josephineoe/project-cody/install/gazebo_controls/bin'
[1.778s] INFO:colcon.colcon_core.shell:Creating package script '/home/josephineoe/project-cody/install/gazebo_controls/share/gazebo_controls/package.ps1'
[1.779s] INFO:colcon.colcon_core.shell:Creating package descriptor '/home/josephineoe/project-cody/install/gazebo_controls/share/gazebo_controls/package.dsv'
[1.779s] INFO:colcon.colcon_core.shell:Creating package script '/home/josephineoe/project-cody/install/gazebo_controls/share/gazebo_controls/package.sh'
[1.779s] INFO:colcon.colcon_core.shell:Creating package script '/home/josephineoe/project-cody/install/gazebo_controls/share/gazebo_controls/package.bash'
[1.780s] INFO:colcon.colcon_core.shell:Creating package script '/home/josephineoe/project-cody/install/gazebo_controls/share/gazebo_controls/package.zsh'
[1.780s] Level 1:colcon.colcon_core.environment:create_file_with_runtime_dependencies(/home/josephineoe/project-cody/install/gazebo_controls/share/colcon-core/packages/gazebo_controls)
[1.792s] Level 1:colcon.colcon_core.environment:create_environment_scripts_only(environment)
[1.801s] Level 1:colcon.colcon_core.environment:checking '/home/josephineoe/project-cody/install/environment' for CMake module files
[1.802s] Level 1:colcon.colcon_core.environment:checking '/home/josephineoe/project-cody/install/environment' for CMake config files
[1.802s] Level 1:colcon.colcon_core.shell:create_environment_hook('environment', 'cmake_prefix_path')
[1.811s] INFO:colcon.colcon_core.shell:Creating environment hook '/home/josephineoe/project-cody/install/environment/share/environment/hook/cmake_prefix_path.ps1'
[1.812s] INFO:colcon.colcon_core.shell:Creating environment descriptor '/home/josephineoe/project-cody/install/environment/share/environment/hook/cmake_prefix_path.dsv'
[1.812s] INFO:colcon.colcon_core.shell:Creating environment hook '/home/josephineoe/project-cody/install/environment/share/environment/hook/cmake_prefix_path.sh'
[1.812s] Level 1:colcon.colcon_core.environment:checking '/home/josephineoe/project-cody/install/environment/bin'
[1.812s] Level 1:colcon.colcon_core.environment:checking '/home/josephineoe/project-cody/install/environment/lib/pkgconfig/environment.pc'
[1.813s] Level 1:colcon.colcon_core.environment:checking '/home/josephineoe/project-cody/install/environment/lib/python3.10/site-packages'
[1.813s] Level 1:colcon.colcon_core.environment:checking '/home/josephineoe/project-cody/install/environment/bin'
[1.824s] INFO:colcon.colcon_core.shell:Creating package script '/home/josephineoe/project-cody/install/environment/share/environment/package.ps1'
[1.825s] INFO:colcon.colcon_core.shell:Creating package descriptor '/home/josephineoe/project-cody/install/environment/share/environment/package.dsv'
[1.825s] INFO:colcon.colcon_core.shell:Creating package script '/home/josephineoe/project-cody/install/environment/share/environment/package.sh'
[1.826s] INFO:colcon.colcon_core.shell:Creating package script '/home/josephineoe/project-cody/install/environment/share/environment/package.bash'
[1.826s] INFO:colcon.colcon_core.shell:Creating package script '/home/josephineoe/project-cody/install/environment/share/environment/package.zsh'
[1.827s] Level 1:colcon.colcon_core.environment:create_file_with_runtime_dependencies(/home/josephineoe/project-cody/install/environment/share/colcon-core/packages/environment)
[1.842s] Level 1:colcon.colcon_core.environment:create_environment_scripts_only(gazebo_controls)
[1.856s] Level 1:colcon.colcon_core.environment:checking '/home/josephineoe/project-cody/install/gazebo_controls' for CMake module files
[1.857s] Level 1:colcon.colcon_core.environment:checking '/home/josephineoe/project-cody/install/gazebo_controls' for CMake config files
[1.857s] Level 1:colcon.colcon_core.shell:create_environment_hook('gazebo_controls', 'cmake_prefix_path')
[1.871s] INFO:colcon.colcon_core.shell:Creating environment hook '/home/josephineoe/project-cody/install/gazebo_controls/share/gazebo_controls/hook/cmake_prefix_path.ps1'
[1.871s] INFO:colcon.colcon_core.shell:Creating environment descriptor '/home/josephineoe/project-cody/install/gazebo_controls/share/gazebo_controls/hook/cmake_prefix_path.dsv'
[1.872s] INFO:colcon.colcon_core.shell:Creating environment hook '/home/josephineoe/project-cody/install/gazebo_controls/share/gazebo_controls/hook/cmake_prefix_path.sh'
[1.872s] Level 1:colcon.colcon_core.environment:checking '/home/josephineoe/project-cody/install/gazebo_controls/bin'
[1.872s] Level 1:colcon.colcon_core.environment:checking '/home/josephineoe/project-cody/install/gazebo_controls/lib/pkgconfig/gazebo_controls.pc'
[1.873s] Level 1:colcon.colcon_core.environment:checking '/home/josephineoe/project-cody/install/gazebo_controls/lib/python3.10/site-packages'
[1.873s] Level 1:colcon.colcon_core.environment:checking '/home/josephineoe/project-cody/install/gazebo_controls/bin'
[1.887s] INFO:colcon.colcon_core.shell:Creating package script '/home/josephineoe/project-cody/install/gazebo_controls/share/gazebo_controls/package.ps1'
[1.887s] INFO:colcon.colcon_core.shell:Creating package descriptor '/home/josephineoe/project-cody/install/gazebo_controls/share/gazebo_controls/package.dsv'
[1.888s] INFO:colcon.colcon_core.shell:Creating package script '/home/josephineoe/project-cody/install/gazebo_controls/share/gazebo_controls/package.sh'
[1.888s] INFO:colcon.colcon_core.shell:Creating package script '/home/josephineoe/project-cody/install/gazebo_controls/share/gazebo_controls/package.bash'
[1.889s] INFO:colcon.colcon_core.shell:Creating package script '/home/josephineoe/project-cody/install/gazebo_controls/share/gazebo_controls/package.zsh'
[1.889s] Level 1:colcon.colcon_core.environment:create_file_with_runtime_dependencies(/home/josephineoe/project-cody/install/gazebo_controls/share/colcon-core/packages/gazebo_controls)
[1.889s] DEBUG:colcon.colcon_parallel_executor.executor.parallel:closing loop
[1.890s] DEBUG:colcon.colcon_parallel_executor.executor.parallel:loop closed
[1.890s] DEBUG:colcon.colcon_parallel_executor.executor.parallel:run_until_complete finished with '0'
[1.890s] DEBUG:colcon.colcon_core.event_reactor:joining thread
[1.916s] INFO:colcon.colcon_core.plugin_system:Skipping extension 'colcon_notification.desktop_notification.terminal_notifier': Not used on non-Darwin systems
[1.917s] INFO:colcon.colcon_core.plugin_system:Skipping extension 'colcon_notification.desktop_notification.win32': Not used on non-Windows systems
[1.917s] INFO:colcon.colcon_notification.desktop_notification:Sending desktop notification using 'notify2'
[1.929s] DEBUG:colcon.colcon_core.event_reactor:joined thread
[1.939s] INFO:colcon.colcon_core.shell:Creating prefix script '/home/josephineoe/project-cody/install/local_setup.ps1'
[1.941s] INFO:colcon.colcon_core.shell:Creating prefix util module '/home/josephineoe/project-cody/install/_local_setup_util_ps1.py'
[1.943s] INFO:colcon.colcon_core.shell:Creating prefix chain script '/home/josephineoe/project-cody/install/setup.ps1'
[1.956s] INFO:colcon.colcon_core.shell:Creating prefix script '/home/josephineoe/project-cody/install/local_setup.sh'
[1.957s] INFO:colcon.colcon_core.shell:Creating prefix util module '/home/josephineoe/project-cody/install/_local_setup_util_sh.py'
[1.957s] INFO:colcon.colcon_core.shell:Creating prefix chain script '/home/josephineoe/project-cody/install/setup.sh'
[1.969s] INFO:colcon.colcon_core.shell:Creating prefix script '/home/josephineoe/project-cody/install/local_setup.bash'
[1.970s] INFO:colcon.colcon_core.shell:Creating prefix chain script '/home/josephineoe/project-cody/install/setup.bash'
[1.986s] INFO:colcon.colcon_core.shell:Creating prefix script '/home/josephineoe/project-cody/install/local_setup.zsh'
[1.987s] INFO:colcon.colcon_core.shell:Creating prefix chain script '/home/josephineoe/project-cody/install/setup.zsh'
