[0.881s] DEBUG:colcon:Command line arguments: ['/usr/bin/colcon', 'build']
[0.881s] DEBUG:colcon:Parsed command line arguments: Namespace(log_base=None, log_level=None, verb_name='build', build_base='build', install_base='install', merge_install=False, symlink_install=False, test_result_base=None, continue_on_error=False, executor='parallel', parallel_workers=2, event_handlers=None, ignore_user_meta=False, metas=['./colcon.meta'], base_paths=['.'], packages_ignore=None, packages_ignore_regex=None, paths=None, packages_up_to=None, packages_up_to_regex=None, packages_above=None, packages_above_and_dependencies=None, packages_above_depth=None, packages_select_by_dep=None, packages_skip_by_dep=None, packages_skip_up_to=None, packages_select_build_failed=False, packages_skip_build_finished=False, packages_select_test_failures=False, packages_skip_test_passed=False, packages_select=None, packages_skip=None, packages_select_regex=None, packages_skip_regex=None, packages_start=None, packages_end=None, allow_overriding=[], cmake_args=None, cmake_target=None, cmake_target_skip_unavailable=False, cmake_clean_cache=False, cmake_clean_first=False, cmake_force_configure=False, ament_cmake_args=None, catkin_cmake_args=None, catkin_skip_building_tests=False, verb_parser=<colcon_defaults.argument_parser.defaults.DefaultArgumentsDecorator object at 0x7f3e238b6ef0>, verb_extension=<colcon_core.verb.build.BuildVerb object at 0x7f3e238b4790>, main=<bound method BuildVerb.main of <colcon_core.verb.build.BuildVerb object at 0x7f3e238b4790>>)
[0.925s] Level 1:colcon.colcon_core.package_discovery:discover_packages(colcon_meta) check parameters
[0.925s] Level 1:colcon.colcon_core.package_discovery:discover_packages(recursive) check parameters
[0.925s] Level 1:colcon.colcon_core.package_discovery:discover_packages(ignore) check parameters
[0.925s] Level 1:colcon.colcon_core.package_discovery:discover_packages(path) check parameters
[0.925s] Level 1:colcon.colcon_core.package_discovery:discover_packages(colcon_meta) discover
[0.925s] Level 1:colcon.colcon_core.package_discovery:discover_packages(recursive) discover
[0.925s] INFO:colcon.colcon_core.package_discovery:Crawling recursively for packages in '/home/josephineoe/project-cody'
[0.925s] Level 1:colcon.colcon_core.package_identification:_identify(.) by extensions ['ignore', 'ignore_ament_install']
[0.925s] Level 1:colcon.colcon_core.package_identification:_identify(.) by extension 'ignore'
[0.925s] Level 1:colcon.colcon_core.package_identification:_identify(.) by extension 'ignore_ament_install'
[0.925s] Level 1:colcon.colcon_core.package_identification:_identify(.) by extensions ['colcon_pkg']
[0.925s] Level 1:colcon.colcon_core.package_identification:_identify(.) by extension 'colcon_pkg'
[0.925s] Level 1:colcon.colcon_core.package_identification:_identify(.) by extensions ['colcon_meta']
[0.925s] Level 1:colcon.colcon_core.package_identification:_identify(.) by extension 'colcon_meta'
[0.925s] Level 1:colcon.colcon_core.package_identification:_identify(.) by extensions ['ros']
[0.925s] Level 1:colcon.colcon_core.package_identification:_identify(.) by extension 'ros'
[0.936s] Level 1:colcon.colcon_core.package_identification:_identify(.) by extensions ['cmake', 'python']
[0.937s] Level 1:colcon.colcon_core.package_identification:_identify(.) by extension 'cmake'
[0.937s] Level 1:colcon.colcon_core.package_identification:_identify(.) by extension 'python'
[0.937s] Level 1:colcon.colcon_core.package_identification:_identify(.) by extensions ['python_setup_py']
[0.937s] Level 1:colcon.colcon_core.package_identification:_identify(.) by extension 'python_setup_py'
[0.937s] Level 1:colcon.colcon_core.package_identification:_identify(build) by extensions ['ignore', 'ignore_ament_install']
[0.938s] Level 1:colcon.colcon_core.package_identification:_identify(build) by extension 'ignore'
[0.938s] Level 1:colcon.colcon_core.package_identification:_identify(build) ignored
[0.938s] Level 1:colcon.colcon_core.package_identification:_identify(install) by extensions ['ignore', 'ignore_ament_install']
[0.938s] Level 1:colcon.colcon_core.package_identification:_identify(install) by extension 'ignore'
[0.938s] Level 1:colcon.colcon_core.package_identification:_identify(install) ignored
[0.938s] Level 1:colcon.colcon_core.package_identification:_identify(log) by extensions ['ignore', 'ignore_ament_install']
[0.939s] Level 1:colcon.colcon_core.package_identification:_identify(log) by extension 'ignore'
[0.939s] Level 1:colcon.colcon_core.package_identification:_identify(log) ignored
[0.939s] Level 1:colcon.colcon_core.package_identification:_identify(src) by extensions ['ignore', 'ignore_ament_install']
[0.939s] Level 1:colcon.colcon_core.package_identification:_identify(src) by extension 'ignore'
[0.939s] Level 1:colcon.colcon_core.package_identification:_identify(src) by extension 'ignore_ament_install'
[0.939s] Level 1:colcon.colcon_core.package_identification:_identify(src) by extensions ['colcon_pkg']
[0.939s] Level 1:colcon.colcon_core.package_identification:_identify(src) by extension 'colcon_pkg'
[0.939s] Level 1:colcon.colcon_core.package_identification:_identify(src) by extensions ['colcon_meta']
[0.940s] Level 1:colcon.colcon_core.package_identification:_identify(src) by extension 'colcon_meta'
[0.940s] Level 1:colcon.colcon_core.package_identification:_identify(src) by extensions ['ros']
[0.940s] Level 1:colcon.colcon_core.package_identification:_identify(src) by extension 'ros'
[0.940s] Level 1:colcon.colcon_core.package_identification:_identify(src) by extensions ['cmake', 'python']
[0.940s] Level 1:colcon.colcon_core.package_identification:_identify(src) by extension 'cmake'
[0.940s] Level 1:colcon.colcon_core.package_identification:_identify(src) by extension 'python'
[0.940s] Level 1:colcon.colcon_core.package_identification:_identify(src) by extensions ['python_setup_py']
[0.940s] Level 1:colcon.colcon_core.package_identification:_identify(src) by extension 'python_setup_py'
[0.940s] Level 1:colcon.colcon_core.package_identification:_identify(src/environment) by extensions ['ignore', 'ignore_ament_install']
[0.940s] Level 1:colcon.colcon_core.package_identification:_identify(src/environment) by extension 'ignore'
[0.940s] Level 1:colcon.colcon_core.package_identification:_identify(src/environment) by extension 'ignore_ament_install'
[0.941s] Level 1:colcon.colcon_core.package_identification:_identify(src/environment) by extensions ['colcon_pkg']
[0.941s] Level 1:colcon.colcon_core.package_identification:_identify(src/environment) by extension 'colcon_pkg'
[0.941s] Level 1:colcon.colcon_core.package_identification:_identify(src/environment) by extensions ['colcon_meta']
[0.941s] Level 1:colcon.colcon_core.package_identification:_identify(src/environment) by extension 'colcon_meta'
[0.941s] Level 1:colcon.colcon_core.package_identification:_identify(src/environment) by extensions ['ros']
[0.941s] Level 1:colcon.colcon_core.package_identification:_identify(src/environment) by extension 'ros'
[0.946s] DEBUG:colcon.colcon_core.package_identification:Package 'src/environment' with type 'ros.ament_cmake' and name 'environment'
[0.947s] Level 1:colcon.colcon_core.package_identification:_identify(src/gazebo_controls) by extensions ['ignore', 'ignore_ament_install']
[0.947s] Level 1:colcon.colcon_core.package_identification:_identify(src/gazebo_controls) by extension 'ignore'
[0.947s] Level 1:colcon.colcon_core.package_identification:_identify(src/gazebo_controls) by extension 'ignore_ament_install'
[0.947s] Level 1:colcon.colcon_core.package_identification:_identify(src/gazebo_controls) by extensions ['colcon_pkg']
[0.947s] Level 1:colcon.colcon_core.package_identification:_identify(src/gazebo_controls) by extension 'colcon_pkg'
[0.947s] Level 1:colcon.colcon_core.package_identification:_identify(src/gazebo_controls) by extensions ['colcon_meta']
[0.947s] Level 1:colcon.colcon_core.package_identification:_identify(src/gazebo_controls) by extension 'colcon_meta'
[0.947s] Level 1:colcon.colcon_core.package_identification:_identify(src/gazebo_controls) by extensions ['ros']
[0.947s] Level 1:colcon.colcon_core.package_identification:_identify(src/gazebo_controls) by extension 'ros'
[0.948s] DEBUG:colcon.colcon_core.package_identification:Package 'src/gazebo_controls' with type 'ros.ament_cmake' and name 'gazebo_controls'
[0.948s] Level 1:colcon.colcon_core.package_discovery:discover_packages(recursive) using defaults
[0.948s] Level 1:colcon.colcon_core.package_discovery:discover_packages(ignore) discover
[0.948s] Level 1:colcon.colcon_core.package_discovery:discover_packages(ignore) using defaults
[0.948s] Level 1:colcon.colcon_core.package_discovery:discover_packages(path) discover
[0.948s] Level 1:colcon.colcon_core.package_discovery:discover_packages(path) using defaults
[1.029s] Level 1:colcon.colcon_core.package_discovery:discover_packages(prefix_path) check parameters
[1.029s] Level 1:colcon.colcon_core.package_discovery:discover_packages(prefix_path) discover
[1.053s] DEBUG:colcon.colcon_installed_package_information.package_discovery:Found 288 installed packages in /opt/ros/humble
[1.054s] Level 1:colcon.colcon_core.package_discovery:discover_packages(prefix_path) using defaults
[1.163s] Level 5:colcon.colcon_core.verb:set package 'environment' build argument 'cmake_args' from command line to 'None'
[1.163s] Level 5:colcon.colcon_core.verb:set package 'environment' build argument 'cmake_target' from command line to 'None'
[1.163s] Level 5:colcon.colcon_core.verb:set package 'environment' build argument 'cmake_target_skip_unavailable' from command line to 'False'
[1.163s] Level 5:colcon.colcon_core.verb:set package 'environment' build argument 'cmake_clean_cache' from command line to 'False'
[1.163s] Level 5:colcon.colcon_core.verb:set package 'environment' build argument 'cmake_clean_first' from command line to 'False'
[1.163s] Level 5:colcon.colcon_core.verb:set package 'environment' build argument 'cmake_force_configure' from command line to 'False'
[1.163s] Level 5:colcon.colcon_core.verb:set package 'environment' build argument 'ament_cmake_args' from command line to 'None'
[1.163s] Level 5:colcon.colcon_core.verb:set package 'environment' build argument 'catkin_cmake_args' from command line to 'None'
[1.163s] Level 5:colcon.colcon_core.verb:set package 'environment' build argument 'catkin_skip_building_tests' from command line to 'False'
[1.163s] DEBUG:colcon.colcon_core.verb:Building package 'environment' with the following arguments: {'ament_cmake_args': None, 'build_base': '/home/josephineoe/project-cody/build/environment', 'catkin_cmake_args': None, 'catkin_skip_building_tests': False, 'cmake_args': None, 'cmake_clean_cache': False, 'cmake_clean_first': False, 'cmake_force_configure': False, 'cmake_target': None, 'cmake_target_skip_unavailable': False, 'install_base': '/home/josephineoe/project-cody/install/environment', 'merge_install': False, 'path': '/home/josephineoe/project-cody/src/environment', 'symlink_install': False, 'test_result_base': None}
[1.176s] Level 5:colcon.colcon_core.verb:set package 'gazebo_controls' build argument 'cmake_args' from command line to 'None'
[1.176s] Level 5:colcon.colcon_core.verb:set package 'gazebo_controls' build argument 'cmake_target' from command line to 'None'
[1.176s] Level 5:colcon.colcon_core.verb:set package 'gazebo_controls' build argument 'cmake_target_skip_unavailable' from command line to 'False'
[1.176s] Level 5:colcon.colcon_core.verb:set package 'gazebo_controls' build argument 'cmake_clean_cache' from command line to 'False'
[1.177s] Level 5:colcon.colcon_core.verb:set package 'gazebo_controls' build argument 'cmake_clean_first' from command line to 'False'
[1.177s] Level 5:colcon.colcon_core.verb:set package 'gazebo_controls' build argument 'cmake_force_configure' from command line to 'False'
[1.177s] Level 5:colcon.colcon_core.verb:set package 'gazebo_controls' build argument 'ament_cmake_args' from command line to 'None'
[1.177s] Level 5:colcon.colcon_core.verb:set package 'gazebo_controls' build argument 'catkin_cmake_args' from command line to 'None'
[1.177s] Level 5:colcon.colcon_core.verb:set package 'gazebo_controls' build argument 'catkin_skip_building_tests' from command line to 'False'
[1.177s] DEBUG:colcon.colcon_core.verb:Building package 'gazebo_controls' with the following arguments: {'ament_cmake_args': None, 'build_base': '/home/josephineoe/project-cody/build/gazebo_controls', 'catkin_cmake_args': None, 'catkin_skip_building_tests': False, 'cmake_args': None, 'cmake_clean_cache': False, 'cmake_clean_first': False, 'cmake_force_configure': False, 'cmake_target': None, 'cmake_target_skip_unavailable': False, 'install_base': '/home/josephineoe/project-cody/install/gazebo_controls', 'merge_install': False, 'path': '/home/josephineoe/project-cody/src/gazebo_controls', 'symlink_install': False, 'test_result_base': None}
[1.189s] INFO:colcon.colcon_core.executor:Executing jobs using 'parallel' executor
[1.201s] DEBUG:colcon.colcon_parallel_executor.executor.parallel:run_until_complete
[1.201s] INFO:colcon.colcon_ros.task.ament_cmake.build:Building ROS package in '/home/josephineoe/project-cody/src/environment' with build type 'ament_cmake'
[1.201s] INFO:colcon.colcon_cmake.task.cmake.build:Building CMake package in '/home/josephineoe/project-cody/src/environment'
[1.216s] INFO:colcon.colcon_core.plugin_system:Skipping extension 'colcon_core.shell.bat': Not used on non-Windows systems
[1.216s] INFO:colcon.colcon_core.shell:Skip shell extension 'powershell' for command environment: Not usable outside of PowerShell
[1.216s] DEBUG:colcon.colcon_core.shell:Skip shell extension 'dsv' for command environment
[1.246s] INFO:colcon.colcon_ros.task.ament_cmake.build:Building ROS package in '/home/josephineoe/project-cody/src/gazebo_controls' with build type 'ament_cmake'
[1.246s] INFO:colcon.colcon_cmake.task.cmake.build:Building CMake package in '/home/josephineoe/project-cody/src/gazebo_controls'
[1.260s] INFO:colcon.colcon_core.shell:Skip shell extension 'powershell' for command environment: Not usable outside of PowerShell
[1.260s] DEBUG:colcon.colcon_core.shell:Skip shell extension 'dsv' for command environment
[1.293s] DEBUG:colcon.colcon_core.event_handler.log_command:Invoking command in '/home/josephineoe/project-cody/build/environment': CMAKE_PREFIX_PATH=/opt/ros/humble /usr/bin/cmake /home/josephineoe/project-cody/src/environment -DCMAKE_INSTALL_PREFIX=/home/josephineoe/project-cody/install/environment
[1.298s] DEBUG:colcon.colcon_core.event_handler.log_command:Invoking command in '/home/josephineoe/project-cody/build/gazebo_controls': CMAKE_PREFIX_PATH=/opt/ros/humble /usr/bin/cmake /home/josephineoe/project-cody/src/gazebo_controls -DCMAKE_INSTALL_PREFIX=/home/josephineoe/project-cody/install/gazebo_controls
[2.213s] DEBUG:colcon.colcon_core.event_handler.log_command:Invoked command in '/home/josephineoe/project-cody/build/environment' returned '0': CMAKE_PREFIX_PATH=/opt/ros/humble /usr/bin/cmake /home/josephineoe/project-cody/src/environment -DCMAKE_INSTALL_PREFIX=/home/josephineoe/project-cody/install/environment
[2.214s] DEBUG:colcon.colcon_core.event_handler.log_command:Invoking command in '/home/josephineoe/project-cody/build/environment': CMAKE_PREFIX_PATH=/opt/ros/humble /usr/bin/cmake --build /home/josephineoe/project-cody/build/environment -- -j2 -l2
[2.216s] DEBUG:colcon.colcon_core.event_handler.log_command:Invoked command in '/home/josephineoe/project-cody/build/gazebo_controls' returned '0': CMAKE_PREFIX_PATH=/opt/ros/humble /usr/bin/cmake /home/josephineoe/project-cody/src/gazebo_controls -DCMAKE_INSTALL_PREFIX=/home/josephineoe/project-cody/install/gazebo_controls
[2.217s] DEBUG:colcon.colcon_core.event_handler.log_command:Invoking command in '/home/josephineoe/project-cody/build/gazebo_controls': CMAKE_PREFIX_PATH=/opt/ros/humble /usr/bin/cmake --build /home/josephineoe/project-cody/build/gazebo_controls -- -j2 -l2
[2.262s] DEBUG:colcon.colcon_core.event_handler.log_command:Invoked command in '/home/josephineoe/project-cody/build/environment' returned '0': CMAKE_PREFIX_PATH=/opt/ros/humble /usr/bin/cmake --build /home/josephineoe/project-cody/build/environment -- -j2 -l2
[2.266s] DEBUG:colcon.colcon_core.event_handler.log_command:Invoked command in '/home/josephineoe/project-cody/build/gazebo_controls' returned '0': CMAKE_PREFIX_PATH=/opt/ros/humble /usr/bin/cmake --build /home/josephineoe/project-cody/build/gazebo_controls -- -j2 -l2
[2.323s] DEBUG:colcon.colcon_core.event_handler.log_command:Invoking command in '/home/josephineoe/project-cody/build/environment': CMAKE_PREFIX_PATH=/opt/ros/humble /usr/bin/cmake --install /home/josephineoe/project-cody/build/environment
[2.326s] DEBUG:colcon.colcon_core.event_handler.log_command:Invoking command in '/home/josephineoe/project-cody/build/gazebo_controls': CMAKE_PREFIX_PATH=/opt/ros/humble /usr/bin/cmake --install /home/josephineoe/project-cody/build/gazebo_controls
[2.338s] Level 1:colcon.colcon_core.environment:create_environment_scripts_only(environment)
[2.341s] DEBUG:colcon.colcon_core.event_handler.log_command:Invoked command in '/home/josephineoe/project-cody/build/environment' returned '0': CMAKE_PREFIX_PATH=/opt/ros/humble /usr/bin/cmake --install /home/josephineoe/project-cody/build/environment
[2.358s] Level 1:colcon.colcon_core.environment:checking '/home/josephineoe/project-cody/install/environment' for CMake module files
[2.359s] Level 1:colcon.colcon_core.environment:checking '/home/josephineoe/project-cody/install/environment' for CMake config files
[2.359s] Level 1:colcon.colcon_core.shell:create_environment_hook('environment', 'cmake_prefix_path')
[2.371s] INFO:colcon.colcon_core.shell:Creating environment hook '/home/josephineoe/project-cody/install/environment/share/environment/hook/cmake_prefix_path.ps1'
[2.372s] INFO:colcon.colcon_core.shell:Creating environment descriptor '/home/josephineoe/project-cody/install/environment/share/environment/hook/cmake_prefix_path.dsv'
[2.372s] INFO:colcon.colcon_core.shell:Creating environment hook '/home/josephineoe/project-cody/install/environment/share/environment/hook/cmake_prefix_path.sh'
[2.373s] Level 1:colcon.colcon_core.environment:checking '/home/josephineoe/project-cody/install/environment/bin'
[2.373s] Level 1:colcon.colcon_core.environment:checking '/home/josephineoe/project-cody/install/environment/lib/pkgconfig/environment.pc'
[2.373s] Level 1:colcon.colcon_core.environment:checking '/home/josephineoe/project-cody/install/environment/lib/python3.10/site-packages'
[2.373s] Level 1:colcon.colcon_core.environment:checking '/home/josephineoe/project-cody/install/environment/bin'
[2.384s] INFO:colcon.colcon_core.shell:Creating package script '/home/josephineoe/project-cody/install/environment/share/environment/package.ps1'
[2.384s] INFO:colcon.colcon_core.shell:Creating package descriptor '/home/josephineoe/project-cody/install/environment/share/environment/package.dsv'
[2.385s] INFO:colcon.colcon_core.shell:Creating package script '/home/josephineoe/project-cody/install/environment/share/environment/package.sh'
[2.386s] INFO:colcon.colcon_core.shell:Creating package script '/home/josephineoe/project-cody/install/environment/share/environment/package.bash'
[2.386s] INFO:colcon.colcon_core.shell:Creating package script '/home/josephineoe/project-cody/install/environment/share/environment/package.zsh'
[2.386s] Level 1:colcon.colcon_core.environment:create_file_with_runtime_dependencies(/home/josephineoe/project-cody/install/environment/share/colcon-core/packages/environment)
[2.390s] Level 1:colcon.colcon_core.environment:create_environment_scripts_only(gazebo_controls)
[2.399s] DEBUG:colcon.colcon_core.event_handler.log_command:Invoked command in '/home/josephineoe/project-cody/build/gazebo_controls' returned '0': CMAKE_PREFIX_PATH=/opt/ros/humble /usr/bin/cmake --install /home/josephineoe/project-cody/build/gazebo_controls
[2.404s] Level 1:colcon.colcon_core.environment:checking '/home/josephineoe/project-cody/install/gazebo_controls' for CMake module files
[2.404s] Level 1:colcon.colcon_core.environment:checking '/home/josephineoe/project-cody/install/gazebo_controls' for CMake config files
[2.404s] Level 1:colcon.colcon_core.shell:create_environment_hook('gazebo_controls', 'cmake_prefix_path')
[2.425s] INFO:colcon.colcon_core.shell:Creating environment hook '/home/josephineoe/project-cody/install/gazebo_controls/share/gazebo_controls/hook/cmake_prefix_path.ps1'
[2.426s] INFO:colcon.colcon_core.shell:Creating environment descriptor '/home/josephineoe/project-cody/install/gazebo_controls/share/gazebo_controls/hook/cmake_prefix_path.dsv'
[2.426s] INFO:colcon.colcon_core.shell:Creating environment hook '/home/josephineoe/project-cody/install/gazebo_controls/share/gazebo_controls/hook/cmake_prefix_path.sh'
[2.427s] Level 1:colcon.colcon_core.environment:checking '/home/josephineoe/project-cody/install/gazebo_controls/bin'
[2.427s] Level 1:colcon.colcon_core.environment:checking '/home/josephineoe/project-cody/install/gazebo_controls/lib/pkgconfig/gazebo_controls.pc'
[2.427s] Level 1:colcon.colcon_core.environment:checking '/home/josephineoe/project-cody/install/gazebo_controls/lib/python3.10/site-packages'
[2.427s] Level 1:colcon.colcon_core.environment:checking '/home/josephineoe/project-cody/install/gazebo_controls/bin'
[2.443s] INFO:colcon.colcon_core.shell:Creating package script '/home/josephineoe/project-cody/install/gazebo_controls/share/gazebo_controls/package.ps1'
[2.444s] INFO:colcon.colcon_core.shell:Creating package descriptor '/home/josephineoe/project-cody/install/gazebo_controls/share/gazebo_controls/package.dsv'
[2.445s] INFO:colcon.colcon_core.shell:Creating package script '/home/josephineoe/project-cody/install/gazebo_controls/share/gazebo_controls/package.sh'
[2.445s] INFO:colcon.colcon_core.shell:Creating package script '/home/josephineoe/project-cody/install/gazebo_controls/share/gazebo_controls/package.bash'
[2.445s] INFO:colcon.colcon_core.shell:Creating package script '/home/josephineoe/project-cody/install/gazebo_controls/share/gazebo_controls/package.zsh'
[2.446s] Level 1:colcon.colcon_core.environment:create_file_with_runtime_dependencies(/home/josephineoe/project-cody/install/gazebo_controls/share/colcon-core/packages/gazebo_controls)
[2.458s] Level 1:colcon.colcon_core.environment:create_environment_scripts_only(environment)
[2.470s] Level 1:colcon.colcon_core.environment:checking '/home/josephineoe/project-cody/install/environment' for CMake module files
[2.470s] Level 1:colcon.colcon_core.environment:checking '/home/josephineoe/project-cody/install/environment' for CMake config files
[2.470s] Level 1:colcon.colcon_core.shell:create_environment_hook('environment', 'cmake_prefix_path')
[2.487s] INFO:colcon.colcon_core.shell:Creating environment hook '/home/josephineoe/project-cody/install/environment/share/environment/hook/cmake_prefix_path.ps1'
[2.487s] INFO:colcon.colcon_core.shell:Creating environment descriptor '/home/josephineoe/project-cody/install/environment/share/environment/hook/cmake_prefix_path.dsv'
[2.488s] INFO:colcon.colcon_core.shell:Creating environment hook '/home/josephineoe/project-cody/install/environment/share/environment/hook/cmake_prefix_path.sh'
[2.489s] Level 1:colcon.colcon_core.environment:checking '/home/josephineoe/project-cody/install/environment/bin'
[2.489s] Level 1:colcon.colcon_core.environment:checking '/home/josephineoe/project-cody/install/environment/lib/pkgconfig/environment.pc'
[2.489s] Level 1:colcon.colcon_core.environment:checking '/home/josephineoe/project-cody/install/environment/lib/python3.10/site-packages'
[2.489s] Level 1:colcon.colcon_core.environment:checking '/home/josephineoe/project-cody/install/environment/bin'
[2.501s] INFO:colcon.colcon_core.shell:Creating package script '/home/josephineoe/project-cody/install/environment/share/environment/package.ps1'
[2.502s] INFO:colcon.colcon_core.shell:Creating package descriptor '/home/josephineoe/project-cody/install/environment/share/environment/package.dsv'
[2.502s] INFO:colcon.colcon_core.shell:Creating package script '/home/josephineoe/project-cody/install/environment/share/environment/package.sh'
[2.503s] INFO:colcon.colcon_core.shell:Creating package script '/home/josephineoe/project-cody/install/environment/share/environment/package.bash'
[2.503s] INFO:colcon.colcon_core.shell:Creating package script '/home/josephineoe/project-cody/install/environment/share/environment/package.zsh'
[2.504s] Level 1:colcon.colcon_core.environment:create_file_with_runtime_dependencies(/home/josephineoe/project-cody/install/environment/share/colcon-core/packages/environment)
[2.525s] Level 1:colcon.colcon_core.environment:create_environment_scripts_only(gazebo_controls)
[2.539s] Level 1:colcon.colcon_core.environment:checking '/home/josephineoe/project-cody/install/gazebo_controls' for CMake module files
[2.540s] Level 1:colcon.colcon_core.environment:checking '/home/josephineoe/project-cody/install/gazebo_controls' for CMake config files
[2.540s] Level 1:colcon.colcon_core.shell:create_environment_hook('gazebo_controls', 'cmake_prefix_path')
[2.551s] INFO:colcon.colcon_core.shell:Creating environment hook '/home/josephineoe/project-cody/install/gazebo_controls/share/gazebo_controls/hook/cmake_prefix_path.ps1'
[2.551s] INFO:colcon.colcon_core.shell:Creating environment descriptor '/home/josephineoe/project-cody/install/gazebo_controls/share/gazebo_controls/hook/cmake_prefix_path.dsv'
[2.552s] INFO:colcon.colcon_core.shell:Creating environment hook '/home/josephineoe/project-cody/install/gazebo_controls/share/gazebo_controls/hook/cmake_prefix_path.sh'
[2.553s] Level 1:colcon.colcon_core.environment:checking '/home/josephineoe/project-cody/install/gazebo_controls/bin'
[2.553s] Level 1:colcon.colcon_core.environment:checking '/home/josephineoe/project-cody/install/gazebo_controls/lib/pkgconfig/gazebo_controls.pc'
[2.553s] Level 1:colcon.colcon_core.environment:checking '/home/josephineoe/project-cody/install/gazebo_controls/lib/python3.10/site-packages'
[2.553s] Level 1:colcon.colcon_core.environment:checking '/home/josephineoe/project-cody/install/gazebo_controls/bin'
[2.566s] INFO:colcon.colcon_core.shell:Creating package script '/home/josephineoe/project-cody/install/gazebo_controls/share/gazebo_controls/package.ps1'
[2.566s] INFO:colcon.colcon_core.shell:Creating package descriptor '/home/josephineoe/project-cody/install/gazebo_controls/share/gazebo_controls/package.dsv'
[2.567s] INFO:colcon.colcon_core.shell:Creating package script '/home/josephineoe/project-cody/install/gazebo_controls/share/gazebo_controls/package.sh'
[2.567s] INFO:colcon.colcon_core.shell:Creating package script '/home/josephineoe/project-cody/install/gazebo_controls/share/gazebo_controls/package.bash'
[2.567s] INFO:colcon.colcon_core.shell:Creating package script '/home/josephineoe/project-cody/install/gazebo_controls/share/gazebo_controls/package.zsh'
[2.568s] Level 1:colcon.colcon_core.environment:create_file_with_runtime_dependencies(/home/josephineoe/project-cody/install/gazebo_controls/share/colcon-core/packages/gazebo_controls)
[2.568s] DEBUG:colcon.colcon_parallel_executor.executor.parallel:closing loop
[2.569s] DEBUG:colcon.colcon_parallel_executor.executor.parallel:loop closed
[2.569s] DEBUG:colcon.colcon_parallel_executor.executor.parallel:run_until_complete finished with '0'
[2.569s] DEBUG:colcon.colcon_core.event_reactor:joining thread
[2.584s] INFO:colcon.colcon_core.plugin_system:Skipping extension 'colcon_notification.desktop_notification.terminal_notifier': Not used on non-Darwin systems
[2.584s] INFO:colcon.colcon_core.plugin_system:Skipping extension 'colcon_notification.desktop_notification.win32': Not used on non-Windows systems
[2.584s] INFO:colcon.colcon_notification.desktop_notification:Sending desktop notification using 'notify2'
[2.603s] DEBUG:colcon.colcon_core.event_reactor:joined thread
[2.618s] INFO:colcon.colcon_core.shell:Creating prefix script '/home/josephineoe/project-cody/install/local_setup.ps1'
[2.619s] INFO:colcon.colcon_core.shell:Creating prefix util module '/home/josephineoe/project-cody/install/_local_setup_util_ps1.py'
[2.620s] INFO:colcon.colcon_core.shell:Creating prefix chain script '/home/josephineoe/project-cody/install/setup.ps1'
[2.636s] INFO:colcon.colcon_core.shell:Creating prefix script '/home/josephineoe/project-cody/install/local_setup.sh'
[2.636s] INFO:colcon.colcon_core.shell:Creating prefix util module '/home/josephineoe/project-cody/install/_local_setup_util_sh.py'
[2.637s] INFO:colcon.colcon_core.shell:Creating prefix chain script '/home/josephineoe/project-cody/install/setup.sh'
[2.650s] INFO:colcon.colcon_core.shell:Creating prefix script '/home/josephineoe/project-cody/install/local_setup.bash'
[2.650s] INFO:colcon.colcon_core.shell:Creating prefix chain script '/home/josephineoe/project-cody/install/setup.bash'
[2.665s] INFO:colcon.colcon_core.shell:Creating prefix script '/home/josephineoe/project-cody/install/local_setup.zsh'
[2.666s] INFO:colcon.colcon_core.shell:Creating prefix chain script '/home/josephineoe/project-cody/install/setup.zsh'
