[0.090s] Invoking command in '/home/josephineoe/Project-cody/build/gazebo_controls': CMAKE_PREFIX_PATH=/opt/ros/humble /usr/bin/cmake /home/josephineoe/Project-cody/src/gazebo_controls -DCMAKE_INSTALL_PREFIX=/home/josephineoe/Project-cody/install/gazebo_controls
[0.152s] -- The C compiler identification is GNU 11.4.0
[0.231s] -- The CXX compiler identification is GNU 11.4.0
[0.242s] -- Detecting C compiler ABI info
[0.346s] -- Detecting C compiler ABI info - done
[0.346s] -- Check for working C compiler: /usr/bin/cc - skipped
[0.346s] -- Detecting C compile features
[0.347s] -- Detecting C compile features - done
[0.349s] -- Detecting CXX compiler ABI info
[0.429s] -- Detecting CXX compiler ABI info - done
[0.434s] -- Check for working CXX compiler: /usr/bin/c++ - skipped
[0.434s] -- Detecting CXX compile features
[0.434s] -- Detecting CXX compile features - done
[0.436s] -- Found ament_cmake: 1.3.8 (/opt/ros/humble/share/ament_cmake/cmake)
[0.566s] -- Found Python3: /usr/bin/python3 (found version "3.10.12") found components: Interpreter 
[0.629s] -- Found ament_lint_auto: 0.12.10 (/opt/ros/humble/share/ament_lint_auto/cmake)
[0.681s] -- Added test 'cppcheck' to perform static code analysis on C / C++ code
[0.682s] -- Configured cppcheck include dirs: 
[0.682s] -- Configured cppcheck exclude dirs and/or files: 
[0.682s] -- Added test 'lint_cmake' to check CMake code style
[0.683s] -- Added test 'uncrustify' to check C / C++ code style
[0.683s] -- Configured uncrustify additional arguments: 
[0.683s] -- Added test 'xmllint' to check XML markup files
[0.684s] -- Configuring done
[0.686s] -- Generating done
[0.687s] -- Build files have been written to: /home/josephineoe/Project-cody/build/gazebo_controls
[0.691s] Invoked command in '/home/josephineoe/Project-cody/build/gazebo_controls' returned '0': CMAKE_PREFIX_PATH=/opt/ros/humble /usr/bin/cmake /home/josephineoe/Project-cody/src/gazebo_controls -DCMAKE_INSTALL_PREFIX=/home/josephineoe/Project-cody/install/gazebo_controls
[0.692s] Invoking command in '/home/josephineoe/Project-cody/build/gazebo_controls': CMAKE_PREFIX_PATH=/opt/ros/humble /usr/bin/cmake --build /home/josephineoe/Project-cody/build/gazebo_controls -- -j2 -l2
[0.732s] Invoked command in '/home/josephineoe/Project-cody/build/gazebo_controls' returned '0': CMAKE_PREFIX_PATH=/opt/ros/humble /usr/bin/cmake --build /home/josephineoe/Project-cody/build/gazebo_controls -- -j2 -l2
[0.765s] Invoking command in '/home/josephineoe/Project-cody/build/gazebo_controls': CMAKE_PREFIX_PATH=/opt/ros/humble /usr/bin/cmake --install /home/josephineoe/Project-cody/build/gazebo_controls
[0.772s] -- Install configuration: ""
[0.773s] -- Installing: /home/josephineoe/Project-cody/install/gazebo_controls/share/ament_index/resource_index/package_run_dependencies/gazebo_controls
[0.775s] -- Installing: /home/josephineoe/Project-cody/install/gazebo_controls/share/ament_index/resource_index/parent_prefix_path/gazebo_controls
[0.775s] -- Up-to-date: /home/josephineoe/Project-cody/install/gazebo_controls/share/gazebo_controls/environment/ament_prefix_path.sh
[0.775s] -- Installing: /home/josephineoe/Project-cody/install/gazebo_controls/share/gazebo_controls/environment/ament_prefix_path.dsv
[0.775s] -- Up-to-date: /home/josephineoe/Project-cody/install/gazebo_controls/share/gazebo_controls/environment/path.sh
[0.775s] -- Installing: /home/josephineoe/Project-cody/install/gazebo_controls/share/gazebo_controls/environment/path.dsv
[0.775s] -- Installing: /home/josephineoe/Project-cody/install/gazebo_controls/share/gazebo_controls/local_setup.bash
[0.775s] -- Installing: /home/josephineoe/Project-cody/install/gazebo_controls/share/gazebo_controls/local_setup.sh
[0.775s] -- Installing: /home/josephineoe/Project-cody/install/gazebo_controls/share/gazebo_controls/local_setup.zsh
[0.775s] -- Installing: /home/josephineoe/Project-cody/install/gazebo_controls/share/gazebo_controls/local_setup.dsv
[0.775s] -- Installing: /home/josephineoe/Project-cody/install/gazebo_controls/share/gazebo_controls/package.dsv
[0.776s] -- Installing: /home/josephineoe/Project-cody/install/gazebo_controls/share/ament_index/resource_index/packages/gazebo_controls
[0.776s] -- Installing: /home/josephineoe/Project-cody/install/gazebo_controls/share/gazebo_controls/cmake/gazebo_controlsConfig.cmake
[0.776s] -- Installing: /home/josephineoe/Project-cody/install/gazebo_controls/share/gazebo_controls/cmake/gazebo_controlsConfig-version.cmake
[0.776s] -- Installing: /home/josephineoe/Project-cody/install/gazebo_controls/share/gazebo_controls/package.xml
[0.778s] Invoked command in '/home/josephineoe/Project-cody/build/gazebo_controls' returned '0': CMAKE_PREFIX_PATH=/opt/ros/humble /usr/bin/cmake --install /home/josephineoe/Project-cody/build/gazebo_controls
